<?xml version="1.0" encoding="UTF-8"?>
<!-- Generated by org.testng.reporters.JUnitReportReporter -->
<testsuite hostname="LAPTOP-8VT72H6I" failures="0" tests="1" name="com.selenium.assigment.Assignment" time="3.332" errors="0" timestamp="2022-11-14T09:54:14 GST" skipped="0">
  <testcase classname="com.selenium.assigment.Assignment" name="loginFunction" time="3.332"/>
  <system-out/>
</testsuite> <!-- com.selenium.assigment.Assignment -->
